[0.262s] DEBUG:colcon:Command line arguments: ['/usr/bin/colcon', 'build']
[0.262s] DEBUG:colcon:Parsed command line arguments: Namespace(log_base=None, log_level=None, verb_name='build', build_base='build', install_base='install', merge_install=False, symlink_install=False, test_result_base=None, continue_on_error=False, executor='parallel', parallel_workers=8, event_handlers=None, ignore_user_meta=False, metas=['./colcon.meta'], base_paths=['.'], packages_ignore=None, packages_ignore_regex=None, paths=None, packages_up_to=None, packages_up_to_regex=None, packages_above=None, packages_above_and_dependencies=None, packages_above_depth=None, packages_select_by_dep=None, packages_skip_by_dep=None, packages_skip_up_to=None, packages_select_build_failed=False, packages_skip_build_finished=False, packages_select_test_failures=False, packages_skip_test_passed=False, packages_select=None, packages_skip=None, packages_select_regex=None, packages_skip_regex=None, packages_start=None, packages_end=None, allow_overriding=[], cmake_args=None, cmake_target=None, cmake_target_skip_unavailable=False, cmake_clean_cache=False, cmake_clean_first=False, cmake_force_configure=False, ament_cmake_args=None, catkin_cmake_args=None, catkin_skip_building_tests=False, verb_parser=<colcon_defaults.argument_parser.defaults.DefaultArgumentsDecorator object at 0x7f2c0d21bdc0>, verb_extension=<colcon_core.verb.build.BuildVerb object at 0x7f2c0d441960>, main=<bound method BuildVerb.main of <colcon_core.verb.build.BuildVerb object at 0x7f2c0d441960>>)
[0.444s] Level 1:colcon.colcon_core.package_discovery:discover_packages(colcon_meta) check parameters
[0.444s] Level 1:colcon.colcon_core.package_discovery:discover_packages(recursive) check parameters
[0.444s] Level 1:colcon.colcon_core.package_discovery:discover_packages(ignore) check parameters
[0.444s] Level 1:colcon.colcon_core.package_discovery:discover_packages(path) check parameters
[0.444s] Level 1:colcon.colcon_core.package_discovery:discover_packages(colcon_meta) discover
[0.445s] Level 1:colcon.colcon_core.package_discovery:discover_packages(recursive) discover
[0.445s] INFO:colcon.colcon_core.package_discovery:Crawling recursively for packages in '/home/ansue1234/Research/SML/RobLimbFK/ros_ws/src/bags'
[0.445s] Level 1:colcon.colcon_core.package_identification:_identify(.) by extensions ['ignore', 'ignore_ament_install']
[0.445s] Level 1:colcon.colcon_core.package_identification:_identify(.) by extension 'ignore'
[0.445s] Level 1:colcon.colcon_core.package_identification:_identify(.) by extension 'ignore_ament_install'
[0.445s] Level 1:colcon.colcon_core.package_identification:_identify(.) by extensions ['colcon_pkg']
[0.445s] Level 1:colcon.colcon_core.package_identification:_identify(.) by extension 'colcon_pkg'
[0.445s] Level 1:colcon.colcon_core.package_identification:_identify(.) by extensions ['colcon_meta']
[0.445s] Level 1:colcon.colcon_core.package_identification:_identify(.) by extension 'colcon_meta'
[0.445s] Level 1:colcon.colcon_core.package_identification:_identify(.) by extensions ['ros']
[0.445s] Level 1:colcon.colcon_core.package_identification:_identify(.) by extension 'ros'
[0.459s] Level 1:colcon.colcon_core.package_identification:_identify(.) by extensions ['cmake', 'python']
[0.460s] Level 1:colcon.colcon_core.package_identification:_identify(.) by extension 'cmake'
[0.460s] Level 1:colcon.colcon_core.package_identification:_identify(.) by extension 'python'
[0.460s] Level 1:colcon.colcon_core.package_identification:_identify(.) by extensions ['python_setup_py']
[0.460s] Level 1:colcon.colcon_core.package_identification:_identify(.) by extension 'python_setup_py'
[0.460s] Level 1:colcon.colcon_core.package_identification:_identify(build) by extensions ['ignore', 'ignore_ament_install']
[0.460s] Level 1:colcon.colcon_core.package_identification:_identify(build) by extension 'ignore'
[0.460s] Level 1:colcon.colcon_core.package_identification:_identify(build) ignored
[0.460s] Level 1:colcon.colcon_core.package_identification:_identify(example_trial) by extensions ['ignore', 'ignore_ament_install']
[0.460s] Level 1:colcon.colcon_core.package_identification:_identify(example_trial) by extension 'ignore'
[0.460s] Level 1:colcon.colcon_core.package_identification:_identify(example_trial) by extension 'ignore_ament_install'
[0.460s] Level 1:colcon.colcon_core.package_identification:_identify(example_trial) by extensions ['colcon_pkg']
[0.460s] Level 1:colcon.colcon_core.package_identification:_identify(example_trial) by extension 'colcon_pkg'
[0.460s] Level 1:colcon.colcon_core.package_identification:_identify(example_trial) by extensions ['colcon_meta']
[0.460s] Level 1:colcon.colcon_core.package_identification:_identify(example_trial) by extension 'colcon_meta'
[0.460s] Level 1:colcon.colcon_core.package_identification:_identify(example_trial) by extensions ['ros']
[0.460s] Level 1:colcon.colcon_core.package_identification:_identify(example_trial) by extension 'ros'
[0.460s] Level 1:colcon.colcon_core.package_identification:_identify(example_trial) by extensions ['cmake', 'python']
[0.461s] Level 1:colcon.colcon_core.package_identification:_identify(example_trial) by extension 'cmake'
[0.461s] Level 1:colcon.colcon_core.package_identification:_identify(example_trial) by extension 'python'
[0.461s] Level 1:colcon.colcon_core.package_identification:_identify(example_trial) by extensions ['python_setup_py']
[0.461s] Level 1:colcon.colcon_core.package_identification:_identify(example_trial) by extension 'python_setup_py'
[0.461s] Level 1:colcon.colcon_core.package_identification:_identify(install) by extensions ['ignore', 'ignore_ament_install']
[0.461s] Level 1:colcon.colcon_core.package_identification:_identify(install) by extension 'ignore'
[0.461s] Level 1:colcon.colcon_core.package_identification:_identify(install) ignored
[0.461s] Level 1:colcon.colcon_core.package_identification:_identify(log) by extensions ['ignore', 'ignore_ament_install']
[0.461s] Level 1:colcon.colcon_core.package_identification:_identify(log) by extension 'ignore'
[0.461s] Level 1:colcon.colcon_core.package_identification:_identify(log) ignored
[0.461s] Level 1:colcon.colcon_core.package_identification:_identify(rosbag2_2024_09_17-16_21_05) by extensions ['ignore', 'ignore_ament_install']
[0.461s] Level 1:colcon.colcon_core.package_identification:_identify(rosbag2_2024_09_17-16_21_05) by extension 'ignore'
[0.461s] Level 1:colcon.colcon_core.package_identification:_identify(rosbag2_2024_09_17-16_21_05) by extension 'ignore_ament_install'
[0.461s] Level 1:colcon.colcon_core.package_identification:_identify(rosbag2_2024_09_17-16_21_05) by extensions ['colcon_pkg']
[0.461s] Level 1:colcon.colcon_core.package_identification:_identify(rosbag2_2024_09_17-16_21_05) by extension 'colcon_pkg'
[0.461s] Level 1:colcon.colcon_core.package_identification:_identify(rosbag2_2024_09_17-16_21_05) by extensions ['colcon_meta']
[0.461s] Level 1:colcon.colcon_core.package_identification:_identify(rosbag2_2024_09_17-16_21_05) by extension 'colcon_meta'
[0.461s] Level 1:colcon.colcon_core.package_identification:_identify(rosbag2_2024_09_17-16_21_05) by extensions ['ros']
[0.461s] Level 1:colcon.colcon_core.package_identification:_identify(rosbag2_2024_09_17-16_21_05) by extension 'ros'
[0.461s] Level 1:colcon.colcon_core.package_identification:_identify(rosbag2_2024_09_17-16_21_05) by extensions ['cmake', 'python']
[0.461s] Level 1:colcon.colcon_core.package_identification:_identify(rosbag2_2024_09_17-16_21_05) by extension 'cmake'
[0.461s] Level 1:colcon.colcon_core.package_identification:_identify(rosbag2_2024_09_17-16_21_05) by extension 'python'
[0.461s] Level 1:colcon.colcon_core.package_identification:_identify(rosbag2_2024_09_17-16_21_05) by extensions ['python_setup_py']
[0.462s] Level 1:colcon.colcon_core.package_identification:_identify(rosbag2_2024_09_17-16_21_05) by extension 'python_setup_py'
[0.462s] Level 1:colcon.colcon_core.package_identification:_identify(rosbag2_2024_09_17-16_22_13) by extensions ['ignore', 'ignore_ament_install']
[0.462s] Level 1:colcon.colcon_core.package_identification:_identify(rosbag2_2024_09_17-16_22_13) by extension 'ignore'
[0.462s] Level 1:colcon.colcon_core.package_identification:_identify(rosbag2_2024_09_17-16_22_13) by extension 'ignore_ament_install'
[0.462s] Level 1:colcon.colcon_core.package_identification:_identify(rosbag2_2024_09_17-16_22_13) by extensions ['colcon_pkg']
[0.462s] Level 1:colcon.colcon_core.package_identification:_identify(rosbag2_2024_09_17-16_22_13) by extension 'colcon_pkg'
[0.462s] Level 1:colcon.colcon_core.package_identification:_identify(rosbag2_2024_09_17-16_22_13) by extensions ['colcon_meta']
[0.462s] Level 1:colcon.colcon_core.package_identification:_identify(rosbag2_2024_09_17-16_22_13) by extension 'colcon_meta'
[0.462s] Level 1:colcon.colcon_core.package_identification:_identify(rosbag2_2024_09_17-16_22_13) by extensions ['ros']
[0.462s] Level 1:colcon.colcon_core.package_identification:_identify(rosbag2_2024_09_17-16_22_13) by extension 'ros'
[0.462s] Level 1:colcon.colcon_core.package_identification:_identify(rosbag2_2024_09_17-16_22_13) by extensions ['cmake', 'python']
[0.462s] Level 1:colcon.colcon_core.package_identification:_identify(rosbag2_2024_09_17-16_22_13) by extension 'cmake'
[0.462s] Level 1:colcon.colcon_core.package_identification:_identify(rosbag2_2024_09_17-16_22_13) by extension 'python'
[0.462s] Level 1:colcon.colcon_core.package_identification:_identify(rosbag2_2024_09_17-16_22_13) by extensions ['python_setup_py']
[0.462s] Level 1:colcon.colcon_core.package_identification:_identify(rosbag2_2024_09_17-16_22_13) by extension 'python_setup_py'
[0.462s] Level 1:colcon.colcon_core.package_identification:_identify(rosbag2_2024_09_17-16_41_53) by extensions ['ignore', 'ignore_ament_install']
[0.462s] Level 1:colcon.colcon_core.package_identification:_identify(rosbag2_2024_09_17-16_41_53) by extension 'ignore'
[0.462s] Level 1:colcon.colcon_core.package_identification:_identify(rosbag2_2024_09_17-16_41_53) by extension 'ignore_ament_install'
[0.462s] Level 1:colcon.colcon_core.package_identification:_identify(rosbag2_2024_09_17-16_41_53) by extensions ['colcon_pkg']
[0.462s] Level 1:colcon.colcon_core.package_identification:_identify(rosbag2_2024_09_17-16_41_53) by extension 'colcon_pkg'
[0.462s] Level 1:colcon.colcon_core.package_identification:_identify(rosbag2_2024_09_17-16_41_53) by extensions ['colcon_meta']
[0.462s] Level 1:colcon.colcon_core.package_identification:_identify(rosbag2_2024_09_17-16_41_53) by extension 'colcon_meta'
[0.462s] Level 1:colcon.colcon_core.package_identification:_identify(rosbag2_2024_09_17-16_41_53) by extensions ['ros']
[0.462s] Level 1:colcon.colcon_core.package_identification:_identify(rosbag2_2024_09_17-16_41_53) by extension 'ros'
[0.463s] Level 1:colcon.colcon_core.package_identification:_identify(rosbag2_2024_09_17-16_41_53) by extensions ['cmake', 'python']
[0.463s] Level 1:colcon.colcon_core.package_identification:_identify(rosbag2_2024_09_17-16_41_53) by extension 'cmake'
[0.463s] Level 1:colcon.colcon_core.package_identification:_identify(rosbag2_2024_09_17-16_41_53) by extension 'python'
[0.463s] Level 1:colcon.colcon_core.package_identification:_identify(rosbag2_2024_09_17-16_41_53) by extensions ['python_setup_py']
[0.463s] Level 1:colcon.colcon_core.package_identification:_identify(rosbag2_2024_09_17-16_41_53) by extension 'python_setup_py'
[0.463s] Level 1:colcon.colcon_core.package_identification:_identify(rosbag2_2024_09_17-16_58_38) by extensions ['ignore', 'ignore_ament_install']
[0.463s] Level 1:colcon.colcon_core.package_identification:_identify(rosbag2_2024_09_17-16_58_38) by extension 'ignore'
[0.463s] Level 1:colcon.colcon_core.package_identification:_identify(rosbag2_2024_09_17-16_58_38) by extension 'ignore_ament_install'
[0.463s] Level 1:colcon.colcon_core.package_identification:_identify(rosbag2_2024_09_17-16_58_38) by extensions ['colcon_pkg']
[0.463s] Level 1:colcon.colcon_core.package_identification:_identify(rosbag2_2024_09_17-16_58_38) by extension 'colcon_pkg'
[0.463s] Level 1:colcon.colcon_core.package_identification:_identify(rosbag2_2024_09_17-16_58_38) by extensions ['colcon_meta']
[0.463s] Level 1:colcon.colcon_core.package_identification:_identify(rosbag2_2024_09_17-16_58_38) by extension 'colcon_meta'
[0.463s] Level 1:colcon.colcon_core.package_identification:_identify(rosbag2_2024_09_17-16_58_38) by extensions ['ros']
[0.463s] Level 1:colcon.colcon_core.package_identification:_identify(rosbag2_2024_09_17-16_58_38) by extension 'ros'
[0.463s] Level 1:colcon.colcon_core.package_identification:_identify(rosbag2_2024_09_17-16_58_38) by extensions ['cmake', 'python']
[0.463s] Level 1:colcon.colcon_core.package_identification:_identify(rosbag2_2024_09_17-16_58_38) by extension 'cmake'
[0.463s] Level 1:colcon.colcon_core.package_identification:_identify(rosbag2_2024_09_17-16_58_38) by extension 'python'
[0.463s] Level 1:colcon.colcon_core.package_identification:_identify(rosbag2_2024_09_17-16_58_38) by extensions ['python_setup_py']
[0.463s] Level 1:colcon.colcon_core.package_identification:_identify(rosbag2_2024_09_17-16_58_38) by extension 'python_setup_py'
[0.463s] Level 1:colcon.colcon_core.package_identification:_identify(rosbag2_2024_09_17-17_00_23) by extensions ['ignore', 'ignore_ament_install']
[0.463s] Level 1:colcon.colcon_core.package_identification:_identify(rosbag2_2024_09_17-17_00_23) by extension 'ignore'
[0.463s] Level 1:colcon.colcon_core.package_identification:_identify(rosbag2_2024_09_17-17_00_23) by extension 'ignore_ament_install'
[0.463s] Level 1:colcon.colcon_core.package_identification:_identify(rosbag2_2024_09_17-17_00_23) by extensions ['colcon_pkg']
[0.463s] Level 1:colcon.colcon_core.package_identification:_identify(rosbag2_2024_09_17-17_00_23) by extension 'colcon_pkg'
[0.464s] Level 1:colcon.colcon_core.package_identification:_identify(rosbag2_2024_09_17-17_00_23) by extensions ['colcon_meta']
[0.464s] Level 1:colcon.colcon_core.package_identification:_identify(rosbag2_2024_09_17-17_00_23) by extension 'colcon_meta'
[0.464s] Level 1:colcon.colcon_core.package_identification:_identify(rosbag2_2024_09_17-17_00_23) by extensions ['ros']
[0.464s] Level 1:colcon.colcon_core.package_identification:_identify(rosbag2_2024_09_17-17_00_23) by extension 'ros'
[0.464s] Level 1:colcon.colcon_core.package_identification:_identify(rosbag2_2024_09_17-17_00_23) by extensions ['cmake', 'python']
[0.464s] Level 1:colcon.colcon_core.package_identification:_identify(rosbag2_2024_09_17-17_00_23) by extension 'cmake'
[0.464s] Level 1:colcon.colcon_core.package_identification:_identify(rosbag2_2024_09_17-17_00_23) by extension 'python'
[0.464s] Level 1:colcon.colcon_core.package_identification:_identify(rosbag2_2024_09_17-17_00_23) by extensions ['python_setup_py']
[0.464s] Level 1:colcon.colcon_core.package_identification:_identify(rosbag2_2024_09_17-17_00_23) by extension 'python_setup_py'
[0.464s] Level 1:colcon.colcon_core.package_identification:_identify(rosbag2_2024_09_17-17_04_06) by extensions ['ignore', 'ignore_ament_install']
[0.464s] Level 1:colcon.colcon_core.package_identification:_identify(rosbag2_2024_09_17-17_04_06) by extension 'ignore'
[0.464s] Level 1:colcon.colcon_core.package_identification:_identify(rosbag2_2024_09_17-17_04_06) by extension 'ignore_ament_install'
[0.464s] Level 1:colcon.colcon_core.package_identification:_identify(rosbag2_2024_09_17-17_04_06) by extensions ['colcon_pkg']
[0.464s] Level 1:colcon.colcon_core.package_identification:_identify(rosbag2_2024_09_17-17_04_06) by extension 'colcon_pkg'
[0.464s] Level 1:colcon.colcon_core.package_identification:_identify(rosbag2_2024_09_17-17_04_06) by extensions ['colcon_meta']
[0.464s] Level 1:colcon.colcon_core.package_identification:_identify(rosbag2_2024_09_17-17_04_06) by extension 'colcon_meta'
[0.464s] Level 1:colcon.colcon_core.package_identification:_identify(rosbag2_2024_09_17-17_04_06) by extensions ['ros']
[0.464s] Level 1:colcon.colcon_core.package_identification:_identify(rosbag2_2024_09_17-17_04_06) by extension 'ros'
[0.464s] Level 1:colcon.colcon_core.package_identification:_identify(rosbag2_2024_09_17-17_04_06) by extensions ['cmake', 'python']
[0.464s] Level 1:colcon.colcon_core.package_identification:_identify(rosbag2_2024_09_17-17_04_06) by extension 'cmake'
[0.464s] Level 1:colcon.colcon_core.package_identification:_identify(rosbag2_2024_09_17-17_04_06) by extension 'python'
[0.464s] Level 1:colcon.colcon_core.package_identification:_identify(rosbag2_2024_09_17-17_04_06) by extensions ['python_setup_py']
[0.465s] Level 1:colcon.colcon_core.package_identification:_identify(rosbag2_2024_09_17-17_04_06) by extension 'python_setup_py'
[0.465s] Level 1:colcon.colcon_core.package_identification:_identify(rosbag2_2024_09_17-17_06_37) by extensions ['ignore', 'ignore_ament_install']
[0.465s] Level 1:colcon.colcon_core.package_identification:_identify(rosbag2_2024_09_17-17_06_37) by extension 'ignore'
[0.465s] Level 1:colcon.colcon_core.package_identification:_identify(rosbag2_2024_09_17-17_06_37) by extension 'ignore_ament_install'
[0.465s] Level 1:colcon.colcon_core.package_identification:_identify(rosbag2_2024_09_17-17_06_37) by extensions ['colcon_pkg']
[0.465s] Level 1:colcon.colcon_core.package_identification:_identify(rosbag2_2024_09_17-17_06_37) by extension 'colcon_pkg'
[0.465s] Level 1:colcon.colcon_core.package_identification:_identify(rosbag2_2024_09_17-17_06_37) by extensions ['colcon_meta']
[0.465s] Level 1:colcon.colcon_core.package_identification:_identify(rosbag2_2024_09_17-17_06_37) by extension 'colcon_meta'
[0.465s] Level 1:colcon.colcon_core.package_identification:_identify(rosbag2_2024_09_17-17_06_37) by extensions ['ros']
[0.465s] Level 1:colcon.colcon_core.package_identification:_identify(rosbag2_2024_09_17-17_06_37) by extension 'ros'
[0.465s] Level 1:colcon.colcon_core.package_identification:_identify(rosbag2_2024_09_17-17_06_37) by extensions ['cmake', 'python']
[0.465s] Level 1:colcon.colcon_core.package_identification:_identify(rosbag2_2024_09_17-17_06_37) by extension 'cmake'
[0.465s] Level 1:colcon.colcon_core.package_identification:_identify(rosbag2_2024_09_17-17_06_37) by extension 'python'
[0.465s] Level 1:colcon.colcon_core.package_identification:_identify(rosbag2_2024_09_17-17_06_37) by extensions ['python_setup_py']
[0.465s] Level 1:colcon.colcon_core.package_identification:_identify(rosbag2_2024_09_17-17_06_37) by extension 'python_setup_py'
[0.465s] Level 1:colcon.colcon_core.package_discovery:discover_packages(recursive) using defaults
[0.465s] Level 1:colcon.colcon_core.package_discovery:discover_packages(ignore) discover
[0.465s] Level 1:colcon.colcon_core.package_discovery:discover_packages(ignore) using defaults
[0.465s] Level 1:colcon.colcon_core.package_discovery:discover_packages(path) discover
[0.465s] Level 1:colcon.colcon_core.package_discovery:discover_packages(path) using defaults
[0.492s] Level 1:colcon.colcon_core.package_discovery:discover_packages(prefix_path) check parameters
[0.492s] Level 1:colcon.colcon_core.package_discovery:discover_packages(prefix_path) discover
[0.496s] DEBUG:colcon.colcon_installed_package_information.package_discovery:Found 3 installed packages in /home/ansue1234/Research/SML/RobLimbFK/ros_ws/install
[0.498s] DEBUG:colcon.colcon_installed_package_information.package_discovery:Found 270 installed packages in /opt/ros/humble
[0.500s] Level 1:colcon.colcon_core.package_discovery:discover_packages(prefix_path) using defaults
[0.615s] INFO:colcon.colcon_core.executor:Executing jobs using 'parallel' executor
[0.616s] DEBUG:colcon.colcon_parallel_executor.executor.parallel:run_until_complete
[0.617s] DEBUG:colcon.colcon_parallel_executor.executor.parallel:closing loop
[0.617s] DEBUG:colcon.colcon_parallel_executor.executor.parallel:loop closed
[0.617s] DEBUG:colcon.colcon_parallel_executor.executor.parallel:run_until_complete finished with '0'
[0.617s] DEBUG:colcon.colcon_core.event_reactor:joining thread
[0.686s] INFO:colcon.colcon_core.plugin_system:Skipping extension 'colcon_notification.desktop_notification.notify_send': Could not find 'notify-send'
[0.686s] INFO:colcon.colcon_core.plugin_system:Skipping extension 'colcon_notification.desktop_notification.terminal_notifier': Not used on non-Darwin systems
[0.686s] INFO:colcon.colcon_core.plugin_system:Skipping extension 'colcon_notification.desktop_notification.win32': Not used on non-Windows systems
[0.686s] INFO:colcon.colcon_notification.desktop_notification:Sending desktop notification using 'notify2'
[0.688s] DEBUG:colcon.colcon_notification.desktop_notification.notify2:Failed to initialize notify2: org.freedesktop.DBus.Error.ServiceUnknown: The name org.freedesktop.Notifications was not provided by any .service files
[0.688s] DEBUG:colcon.colcon_core.event_reactor:joined thread
[0.693s] INFO:colcon.colcon_core.plugin_system:Skipping extension 'colcon_core.shell.bat': Not used on non-Windows systems
[0.693s] INFO:colcon.colcon_core.shell:Creating prefix script '/home/ansue1234/Research/SML/RobLimbFK/ros_ws/src/bags/install/local_setup.ps1'
[0.694s] INFO:colcon.colcon_core.shell:Creating prefix util module '/home/ansue1234/Research/SML/RobLimbFK/ros_ws/src/bags/install/_local_setup_util_ps1.py'
[0.696s] INFO:colcon.colcon_core.shell:Creating prefix chain script '/home/ansue1234/Research/SML/RobLimbFK/ros_ws/src/bags/install/setup.ps1'
[0.698s] INFO:colcon.colcon_core.shell:Creating prefix script '/home/ansue1234/Research/SML/RobLimbFK/ros_ws/src/bags/install/local_setup.sh'
[0.700s] INFO:colcon.colcon_core.shell:Creating prefix util module '/home/ansue1234/Research/SML/RobLimbFK/ros_ws/src/bags/install/_local_setup_util_sh.py'
[0.700s] INFO:colcon.colcon_core.shell:Creating prefix chain script '/home/ansue1234/Research/SML/RobLimbFK/ros_ws/src/bags/install/setup.sh'
[0.702s] INFO:colcon.colcon_core.shell:Creating prefix script '/home/ansue1234/Research/SML/RobLimbFK/ros_ws/src/bags/install/local_setup.bash'
[0.703s] INFO:colcon.colcon_core.shell:Creating prefix chain script '/home/ansue1234/Research/SML/RobLimbFK/ros_ws/src/bags/install/setup.bash'
[0.704s] INFO:colcon.colcon_core.shell:Creating prefix script '/home/ansue1234/Research/SML/RobLimbFK/ros_ws/src/bags/install/local_setup.zsh'
[0.705s] INFO:colcon.colcon_core.shell:Creating prefix chain script '/home/ansue1234/Research/SML/RobLimbFK/ros_ws/src/bags/install/setup.zsh'
